# packages in environment at /home/arty/miniconda3/envs/car_game:
#
# Name                    Version                   Build  Channel
_libgcc_mutex             0.1                 conda_forge    conda-forge
_openmp_mutex             4.5                       2_gnu    conda-forge
alsa-lib                  1.2.8                h166bdaf_0    conda-forge
attr                      2.5.1                h166bdaf_1    conda-forge
brotli                    1.0.9                h166bdaf_8    conda-forge
brotli-bin                1.0.9                h166bdaf_8    conda-forge
bzip2                     1.0.8                h7f98852_4    conda-forge
ca-certificates           2022.12.7            ha878542_0    conda-forge
cairo                     1.16.0            ha61ee94_1014    conda-forge
certifi                   2022.12.7          pyhd8ed1ab_0    conda-forge
contourpy                 1.0.7                    pypi_0    pypi
cycler                    0.11.0             pyhd8ed1ab_0    conda-forge
dbus                      1.13.6               h5008d03_3    conda-forge
expat                     2.5.0                h27087fc_0    conda-forge
fftw                      3.3.10          nompi_hf0379b8_106    conda-forge
font-ttf-dejavu-sans-mono 2.37                 hab24e00_0    conda-forge
font-ttf-inconsolata      3.000                h77eed37_0    conda-forge
font-ttf-source-code-pro  2.038                h77eed37_0    conda-forge
font-ttf-ubuntu           0.83                 hab24e00_0    conda-forge
fontconfig                2.14.2               h14ed4e7_0    conda-forge
fonts-conda-ecosystem     1                             0    conda-forge
fonts-conda-forge         1                             0    conda-forge
fonttools                 4.38.0                   pypi_0    pypi
freetype                  2.12.1               hca18f0e_1    conda-forge
gettext                   0.21.1               h27087fc_0    conda-forge
glib                      2.74.1               h6239696_1    conda-forge
glib-tools                2.74.1               h6239696_1    conda-forge
graphite2                 1.3.13            h58526e2_1001    conda-forge
gst-plugins-base          1.22.0               h4243ec0_0    conda-forge
gstreamer                 1.22.0               h25f0c4b_0    conda-forge
gstreamer-orc             0.4.33               h166bdaf_0    conda-forge
harfbuzz                  6.0.0                h8e241bc_0    conda-forge
icu                       70.1                 h27087fc_0    conda-forge
jack                      1.9.22               h11f4161_0    conda-forge
jpeg                      9e                   h0b41bf4_3    conda-forge
keyutils                  1.6.1                h166bdaf_0    conda-forge
kiwisolver                1.4.4                    pypi_0    pypi
krb5                      1.20.1               h81ceb04_0    conda-forge
lame                      3.100             h166bdaf_1003    conda-forge
lcms2                     2.14                 hfd0df8a_1    conda-forge
ld_impl_linux-64          2.40                 h41732ed_0    conda-forge
lerc                      4.0.0                h27087fc_0    conda-forge
libblas                   3.9.0           16_linux64_openblas    conda-forge
libbrotlicommon           1.0.9                h166bdaf_8    conda-forge
libbrotlidec              1.0.9                h166bdaf_8    conda-forge
libbrotlienc              1.0.9                h166bdaf_8    conda-forge
libcap                    2.66                 ha37c62d_0    conda-forge
libcblas                  3.9.0           16_linux64_openblas    conda-forge
libclang                  15.0.7          default_had23c3d_1    conda-forge
libclang13                15.0.7          default_h3e3d535_1    conda-forge
libcups                   2.3.3                h36d4200_3    conda-forge
libdb                     6.2.32               h9c3ff4c_0    conda-forge
libdeflate                1.17                 h0b41bf4_0    conda-forge
libedit                   3.1.20191231         he28a2e2_2    conda-forge
libevent                  2.1.10               h28343ad_4    conda-forge
libffi                    3.4.2                h7f98852_5    conda-forge
libflac                   1.4.2                h27087fc_0    conda-forge
libgcc-ng                 12.2.0              h65d4601_19    conda-forge
libgcrypt                 1.10.1               h166bdaf_0    conda-forge
libgfortran-ng            12.2.0              h69a702a_19    conda-forge
libgfortran5              12.2.0              h337968e_19    conda-forge
libglib                   2.74.1               h606061b_1    conda-forge
libgomp                   12.2.0              h65d4601_19    conda-forge
libgpg-error              1.46                 h620e276_0    conda-forge
libiconv                  1.17                 h166bdaf_0    conda-forge
liblapack                 3.9.0           16_linux64_openblas    conda-forge
libllvm15                 15.0.7               hadd5161_0    conda-forge
libnsl                    2.0.0                h7f98852_0    conda-forge
libogg                    1.3.4                h7f98852_1    conda-forge
libopenblas               0.3.21          pthreads_h78a6416_3    conda-forge
libopus                   1.3.1                h7f98852_1    conda-forge
libpng                    1.6.39               h753d276_0    conda-forge
libpq                     15.2                 hb675445_0    conda-forge
libsndfile                1.2.0                hb75c966_0    conda-forge
libsqlite                 3.40.0               h753d276_0    conda-forge
libstdcxx-ng              12.2.0              h46fd767_19    conda-forge
libsystemd0               252                  h2a991cd_0    conda-forge
libtiff                   4.5.0                h6adf6a1_2    conda-forge
libtool                   2.4.7                h27087fc_0    conda-forge
libudev1                  252                  h166bdaf_0    conda-forge
libuuid                   2.32.1            h7f98852_1000    conda-forge
libvorbis                 1.3.7                h9c3ff4c_0    conda-forge
libwebp-base              1.2.4                h166bdaf_0    conda-forge
libxcb                    1.13              h7f98852_1004    conda-forge
libxkbcommon              1.5.0                h79f4944_0    conda-forge
libxml2                   2.10.3               h7463322_0    conda-forge
libzlib                   1.2.13               h166bdaf_4    conda-forge
lz4-c                     1.9.4                hcb278e6_0    conda-forge
matplotlib                3.7.0                    pypi_0    pypi
matplotlib-base           3.7.0           py311h8597a09_0    conda-forge
mpg123                    1.31.2               hcb278e6_0    conda-forge
munkres                   1.1.4              pyh9f0ad1d_0    conda-forge
mysql-common              8.0.32               ha901b37_0    conda-forge
mysql-libs                8.0.32               hd7da12d_0    conda-forge
ncurses                   6.3                  h27087fc_1    conda-forge
nspr                      4.35                 h27087fc_0    conda-forge
nss                       3.88                 he45b914_0    conda-forge
numpy                     1.24.2                   pypi_0    pypi
openjpeg                  2.5.0                hfec8fc6_2    conda-forge
openssl                   3.0.8                h0b41bf4_0    conda-forge
packaging                 23.0               pyhd8ed1ab_0    conda-forge
pcre2                     10.40                hc3806b6_0    conda-forge
perlin-noise              1.12                     pypi_0    pypi
pillow                    9.4.0                    pypi_0    pypi
pip                       23.0.1             pyhd8ed1ab_0    conda-forge
pixman                    0.40.0               h36c2ea0_0    conda-forge
ply                       3.11                       py_1    conda-forge
poisson-disc              0.2.1                    pypi_0    pypi
pthread-stubs             0.4               h36c2ea0_1001    conda-forge
pulseaudio                16.1                 ha8d29e2_1    conda-forge
pyparsing                 3.0.9              pyhd8ed1ab_0    conda-forge
pyqt                      5.15.7          py311ha74522f_3    conda-forge
pyqt5                     5.15.7                   pypi_0    pypi
pyqt5-sip                 12.11.0                  pypi_0    pypi
python                    3.11.0          he550d4f_1_cpython    conda-forge
python-dateutil           2.8.2              pyhd8ed1ab_0    conda-forge
python_abi                3.11                    3_cp311    conda-forge
qt-main                   5.15.8               h5d23da1_6    conda-forge
readline                  8.1.2                h0f457ee_0    conda-forge
scipy                     1.10.1                   pypi_0    pypi
setuptools                67.3.2             pyhd8ed1ab_0    conda-forge
sip                       6.7.7                    pypi_0    pypi
six                       1.16.0             pyh6c4a22f_0    conda-forge
tk                        8.6.12               h27826a3_0    conda-forge
toml                      0.10.2             pyhd8ed1ab_0    conda-forge
tornado                   6.2                      pypi_0    pypi
tzdata                    2022g                h191b570_0    conda-forge
wheel                     0.38.4             pyhd8ed1ab_0    conda-forge
xcb-util                  0.4.0                h166bdaf_0    conda-forge
xcb-util-image            0.4.0                h166bdaf_0    conda-forge
xcb-util-keysyms          0.4.0                h166bdaf_0    conda-forge
xcb-util-renderutil       0.3.9                h166bdaf_0    conda-forge
xcb-util-wm               0.4.1                h166bdaf_0    conda-forge
xorg-kbproto              1.0.7             h7f98852_1002    conda-forge
xorg-libice               1.0.10               h7f98852_0    conda-forge
xorg-libsm                1.2.3             hd9c2040_1000    conda-forge
xorg-libx11               1.7.2                h7f98852_0    conda-forge
xorg-libxau               1.0.9                h7f98852_0    conda-forge
xorg-libxdmcp             1.1.3                h7f98852_0    conda-forge
xorg-libxext              1.3.4                h7f98852_1    conda-forge
xorg-libxrender           0.9.10            h7f98852_1003    conda-forge
xorg-renderproto          0.11.1            h7f98852_1002    conda-forge
xorg-xextproto            7.3.0             h7f98852_1002    conda-forge
xorg-xproto               7.0.31            h7f98852_1007    conda-forge
xz                        5.2.6                h166bdaf_0    conda-forge
zlib                      1.2.13               h166bdaf_4    conda-forge
zstd                      1.5.2                h3eb15da_6    conda-forge
